Построение начато Вт 19.03.19 13:02:02.
     1>Проект "C:\Users\User\Desktop\Универ\СПОВМ\SPO\lab2 spo\lab2 spo\lab2 spo.vcxproj" в узле 2 (целевые объекты rebuild).
     1>_PrepareForClean:
         Файл "Debug\lab2 spo.lastbuildstate" удаляется.
       InitializeBuildStatus:
         Создание "Debug\lab2 spo.unsuccessfulbuild", так как было задано "AlwaysCreate".
       ClCompile:
         C:\Program Files (x86)\Microsoft Visual Studio 10.0\VC\bin\CL.exe /c /ZI /nologo /W3 /WX- /Od /Oy- /D _MBCS /Gm /EHsc /RTC1 /MDd /GS /fp:precise /Zc:wchar_t /Zc:forScope /Fo"Debug\\" /Fd"Debug\vc100.pdb" /Gd /TP /analyze- /errorReport:prompt main.cpp
         main.cpp
       Link:
         C:\Program Files (x86)\Microsoft Visual Studio 10.0\VC\bin\link.exe /ERRORREPORT:PROMPT /OUT:"C:\Users\User\Desktop\Универ\СПОВМ\SPO\lab2 spo\Debug\lab2 spo.exe" /NOLOGO kernel32.lib user32.lib gdi32.lib winspool.lib comdlg32.lib advapi32.lib shell32.lib ole32.lib oleaut32.lib uuid.lib odbc32.lib odbccp32.lib /MANIFEST /ManifestFile:"Debug\lab2 spo.exe.intermediate.manifest" /MANIFESTUAC:"level='asInvoker' uiAccess='false'" /DEBUG /PDB:"C:\Users\User\Desktop\Универ\СПОВМ\SPO\lab2 spo\Debug\lab2 spo.pdb" /TLBID:1 /DYNAMICBASE /NXCOMPAT /IMPLIB:"C:\Users\User\Desktop\Универ\СПОВМ\SPO\lab2 spo\Debug\lab2 spo.lib" /MACHINE:X86 Debug\main.obj
         lab2 spo.vcxproj -> C:\Users\User\Desktop\Универ\СПОВМ\SPO\lab2 spo\Debug\lab2 spo.exe
       Manifest:
         C:\Program Files (x86)\Microsoft SDKs\Windows\v7.0A\bin\mt.exe /nologo /verbose /outputresource:"C:\Users\User\Desktop\Универ\СПОВМ\SPO\lab2 spo\Debug\lab2 spo.exe;#1" /manifest "Debug\lab2 spo.exe.intermediate.manifest"
       FinalizeBuildStatus:
         Файл "Debug\lab2 spo.unsuccessfulbuild" удаляется.
         Обращение к "Debug\lab2 spo.lastbuildstate".
     1>Построение проекта "C:\Users\User\Desktop\Универ\СПОВМ\SPO\lab2 spo\lab2 spo\lab2 spo.vcxproj" завершено (целевые объекты rebuild).

Построение успешно завершено.

Затраченное время: 00:00:01.20
